{
  "RSpec": {
    "coverage": {
      "/vagrant/nils_2_skills/config/environment.rb": [
        null,
        1,
        null,
        null,
        1
      ],
      "/vagrant/nils_2_skills/config/environments/test.rb": [
        1,
        null,
        null,
        null,
        null,
        null,
        null,
        1,
        null,
        null,
        null,
        null,
        1,
        null,
        null,
        1,
        1,
        null,
        null,
        1,
        1,
        null,
        null,
        1,
        null,
        null,
        1,
        null,
        null,
        null,
        null,
        1,
        null,
        null,
        1,
        null,
        null,
        null,
        null
      ],
      "/vagrant/nils_2_skills/config/initializers/backtrace_silencers.rb": [
        null,
        null,
        null,
        null,
        null,
        null,
        null
      ],
      "/vagrant/nils_2_skills/config/initializers/cookies_serializer.rb": [
        null,
        null,
        1
      ],
      "/vagrant/nils_2_skills/config/initializers/devise.rb": [
        null,
        null,
        1,
        null,
        null,
        null,
        null,
        null,
        null,
        null,
        null,
        null,
        null,
        null,
        1,
        null,
        null,
        null,
        null,
        null,
        null,
        null,
        null,
        1,
        null,
        null,
        null,
        null,
        null,
        null,
        null,
        null,
        null,
        null,
        null,
        null,
        null,
        null,
        null,
        null,
        null,
        null,
        null,
        null,
        null,
        1,
        null,
        null,
        null,
        null,
        1,
        null,
        null,
        null,
        null,
        null,
        null,
        null,
        null,
        null,
        null,
        null,
        null,
        null,
        null,
        null,
        null,
        null,
        null,
        null,
        null,
        null,
        null,
        null,
        null,
        null,
        null,
        null,
        null,
        null,
        null,
        1,
        null,
        null,
        null,
        null,
        null,
        null,
        null,
        null,
        null,
        null,
        null,
        null,
        null,
        null,
        null,
        null,
        1,
        null,
        null,
        null,
        null,
        null,
        null,
        null,
        null,
        null,
        null,
        null,
        null,
        null,
        null,
        null,
        null,
        null,
        null,
        null,
        null,
        null,
        null,
        null,
        null,
        1,
        null,
        null,
        null,
        null,
        null,
        null,
        null,
        null,
        null,
        1,
        null,
        null,
        null,
        null,
        null,
        null,
        null,
        null,
        null,
        null,
        1,
        null,
        null,
        null,
        null,
        null,
        null,
        null,
        null,
        null,
        null,
        null,
        null,
        null,
        null,
        null,
        null,
        null,
        null,
        null,
        null,
        null,
        null,
        null,
        null,
        null,
        null,
        null,
        null,
        null,
        null,
        null,
        null,
        null,
        null,
        null,
        null,
        null,
        null,
        null,
        null,
        null,
        null,
        null,
        null,
        null,
        null,
        null,
        null,
        1,
        null,
        null,
        null,
        null,
        null,
        null,
        null,
        null,
        null,
        null,
        null,
        null,
        null,
        null,
        null,
        null,
        null,
        null,
        null,
        null,
        null,
        null,
        null,
        null,
        null,
        null,
        null,
        null,
        null,
        null,
        null,
        null,
        null,
        null,
        null,
        null,
        null,
        null,
        null,
        null,
        null,
        1,
        null,
        null,
        null,
        null,
        null,
        null,
        null,
        null,
        null,
        null,
        null,
        null,
        null,
        null,
        null,
        null,
        null,
        null,
        null,
        null,
        null,
        null,
        null,
        null,
        null,
        null,
        null,
        null,
        null
      ],
      "/vagrant/nils_2_skills/config/initializers/filter_parameter_logging.rb": [
        null,
        null,
        null,
        1
      ],
      "/vagrant/nils_2_skills/config/initializers/inflections.rb": [
        null,
        null,
        null,
        null,
        null,
        null,
        null,
        null,
        null,
        null,
        null,
        null,
        null,
        null,
        null,
        null
      ],
      "/vagrant/nils_2_skills/config/initializers/mime_types.rb": [
        null,
        null,
        null,
        null
      ],
      "/vagrant/nils_2_skills/config/initializers/session_store.rb": [
        null,
        null,
        1
      ],
      "/vagrant/nils_2_skills/config/initializers/wrap_parameters.rb": [
        null,
        null,
        null,
        null,
        null,
        null,
        1,
        1,
        null,
        null,
        null,
        null,
        null,
        null
      ],
      "/vagrant/nils_2_skills/config/routes.rb": [
        1,
        null,
        1,
        null,
        1,
        null,
        1,
        null,
        1,
        null,
        1,
        null,
        1,
        null,
        1,
        null,
        1,
        null,
        1,
        null,
        1,
        null,
        1,
        null,
        1,
        null,
        1,
        null,
        1,
        1,
        1,
        1,
        1,
        1,
        1,
        null,
        null,
        null,
        null,
        null,
        1,
        null,
        null,
        null,
        null,
        null,
        null,
        null,
        null,
        null,
        null,
        null,
        null,
        null,
        null,
        null,
        null,
        null,
        null,
        null,
        null,
        null,
        null,
        null,
        null,
        null,
        null,
        null,
        null,
        null,
        null,
        null,
        null,
        null,
        null,
        null,
        null,
        null,
        null,
        null,
        null,
        null,
        null,
        null,
        null,
        null,
        null,
        null,
        null,
        null,
        null
      ],
      "/vagrant/nils_2_skills/app/models/user.rb": [
        1,
        null,
        null,
        1,
        null,
        null,
        null,
        1,
        null
      ],
      "/vagrant/nils_2_skills/db/schema.rb": [
        null,
        null,
        null,
        null,
        null,
        null,
        null,
        null,
        null,
        null,
        null,
        null,
        null,
        1,
        null,
        null,
        1,
        null,
        1,
        1,
        1,
        1,
        1,
        1,
        null,
        null,
        1,
        1,
        1,
        1,
        1,
        1,
        1,
        1,
        1,
        null,
        null,
        1,
        1,
        1,
        1,
        1,
        1,
        1,
        1,
        null,
        null,
        1,
        1,
        1,
        1,
        1,
        null,
        null,
        1,
        1,
        1,
        1,
        1,
        null,
        null,
        1,
        1,
        null,
        1,
        1,
        1,
        1,
        1,
        null,
        null,
        1,
        1,
        1,
        1,
        1,
        1,
        null,
        null,
        1,
        1,
        1,
        1,
        1,
        1,
        1,
        1,
        1,
        1,
        1,
        1,
        1,
        1,
        1,
        1,
        1,
        1,
        null,
        null,
        1,
        1,
        null,
        null
      ],
      "/vagrant/nils_2_skills/app/models/development_plan.rb": [
        1,
        1,
        1,
        1,
        null
      ],
      "/vagrant/nils_2_skills/app/models/development_skill.rb": [
        1,
        1,
        1,
        null
      ],
      "/vagrant/nils_2_skills/app/models/development_task.rb": [
        1,
        1,
        1,
        null
      ],
      "/vagrant/nils_2_skills/app/models/skill.rb": [
        1,
        1,
        1,
        1,
        1,
        null
      ],
      "/vagrant/nils_2_skills/app/models/skill_category.rb": [
        1,
        1,
        1,
        1,
        null
      ],
      "/vagrant/nils_2_skills/app/models/skill_level.rb": [
        1,
        1,
        1,
        null
      ],
      "/vagrant/nils_2_skills/app/helpers/application_helper.rb": [
        1,
        null
      ],
      "/vagrant/nils_2_skills/app/helpers/development_plan_helper.rb": [
        1,
        null
      ],
      "/vagrant/nils_2_skills/app/helpers/development_skills_helper.rb": [
        1,
        null
      ],
      "/vagrant/nils_2_skills/app/helpers/skill_helper.rb": [
        1,
        null
      ],
      "/vagrant/nils_2_skills/app/helpers/skill_categories_helper.rb": [
        1,
        null
      ],
      "/vagrant/nils_2_skills/app/helpers/skill_levels_helper.rb": [
        1,
        null
      ],
      "/vagrant/nils_2_skills/app/helpers/static_pages_helper.rb": [
        1,
        null
      ],
      "/vagrant/nils_2_skills/app/helpers/user_helper.rb": [
        1,
        null
      ],
      "/vagrant/nils_2_skills/test/helpers/development_skills_helper_test.rb": [
        1,
        null,
        1,
        null
      ],
      "/vagrant/nils_2_skills/test/helpers/skill_categories_helper_test.rb": [
        1,
        null,
        1,
        null
      ],
      "/vagrant/nils_2_skills/test/helpers/skill_helper_test.rb": [
        1,
        null,
        1,
        null
      ],
      "/vagrant/nils_2_skills/test/helpers/skill_levels_helper_test.rb": [
        1,
        null,
        1,
        null
      ],
      "/vagrant/nils_2_skills/test/helpers/static_pages_helper_test.rb": [
        1,
        null,
        1,
        null
      ],
      "/vagrant/nils_2_skills/test/helpers/user_helper_test.rb": [
        1,
        null,
        1,
        null
      ],
      "/vagrant/nils_2_skills/test/models/development_plan_test.rb": [
        1,
        null,
        1,
        null,
        null,
        null,
        null
      ],
      "/vagrant/nils_2_skills/test/models/development_skill_test.rb": [
        1,
        null,
        1,
        null,
        null,
        null,
        null
      ],
      "/vagrant/nils_2_skills/test/models/development_task_test.rb": [
        1,
        null,
        1,
        null,
        null,
        null,
        null
      ],
      "/vagrant/nils_2_skills/test/models/skill_category_test.rb": [
        1,
        null,
        1,
        null,
        null,
        null,
        null
      ],
      "/vagrant/nils_2_skills/test/models/skill_level_test.rb": [
        1,
        null,
        1,
        null,
        null,
        null,
        null
      ],
      "/vagrant/nils_2_skills/test/models/skill_test.rb": [
        1,
        null,
        1,
        null,
        null,
        null,
        null
      ],
      "/vagrant/nils_2_skills/test/models/user_test.rb": [
        1,
        null,
        1,
        null,
        null,
        null,
        null
      ],
      "/vagrant/nils_2_skills/test/controllers/development_plans_controller_test.rb": [
        1,
        null,
        1,
        null,
        null,
        null,
        null,
        null,
        null,
        null,
        null,
        null,
        null,
        null,
        null,
        null,
        null,
        null,
        null,
        null,
        null,
        null,
        null,
        null
      ],
      "/vagrant/nils_2_skills/test/controllers/development_skills_controller_test.rb": [
        1,
        null,
        1,
        1,
        7,
        null,
        null,
        1,
        1,
        1,
        1,
        null,
        null,
        1,
        1,
        1,
        null,
        null,
        1,
        1,
        1,
        null,
        null,
        1,
        null,
        null,
        1,
        1,
        1,
        null,
        null,
        1,
        1,
        1,
        null,
        null,
        1,
        1,
        1,
        null,
        null,
        1,
        1,
        1,
        null,
        null,
        1,
        null,
        null
      ],
      "/vagrant/nils_2_skills/test/controllers/development_tasks_controller_test.rb": [
        1,
        null,
        1,
        null,
        null,
        null,
        null,
        null,
        null,
        null
      ],
      "/vagrant/nils_2_skills/test/controllers/skill_categories_controller_test.rb": [
        1,
        null,
        1,
        1,
        7,
        null,
        null,
        1,
        1,
        1,
        1,
        null,
        null,
        1,
        1,
        1,
        null,
        null,
        1,
        1,
        1,
        null,
        null,
        0,
        null,
        null,
        1,
        1,
        1,
        null,
        null,
        1,
        1,
        1,
        null,
        null,
        1,
        1,
        0,
        null,
        null,
        1,
        1,
        1,
        null,
        null,
        1,
        null,
        null
      ],
      "/vagrant/nils_2_skills/test/controllers/skill_controller_test.rb": [
        1,
        null,
        1,
        1,
        1,
        0,
        null,
        null,
        1,
        1,
        0,
        null,
        null,
        null
      ],
      "/vagrant/nils_2_skills/test/controllers/skill_levels_controller_test.rb": [
        1,
        null,
        1,
        1,
        7,
        null,
        null,
        1,
        1,
        1,
        1,
        null,
        null,
        1,
        1,
        1,
        null,
        null,
        1,
        1,
        1,
        null,
        null,
        0,
        null,
        null,
        1,
        1,
        1,
        null,
        null,
        1,
        1,
        1,
        null,
        null,
        1,
        1,
        0,
        null,
        null,
        1,
        1,
        1,
        null,
        null,
        1,
        null,
        null
      ],
      "/vagrant/nils_2_skills/test/controllers/static_pages_controller_test.rb": [
        1,
        null,
        1,
        1,
        1,
        1,
        null,
        null,
        1,
        1,
        1,
        null,
        null,
        1,
        1,
        1,
        null,
        null,
        null
      ],
      "/vagrant/nils_2_skills/test/controllers/user_controller_test.rb": [
        1,
        null,
        1,
        1,
        1,
        0,
        null,
        null,
        null,
        null,
        null,
        null,
        null,
        1,
        1,
        1,
        null,
        null,
        1,
        1,
        1,
        null,
        null,
        null
      ],
      "/vagrant/nils_2_skills/app/controllers/development_skills_controller.rb": [
        1,
        1,
        null,
        1,
        null,
        1,
        1,
        1,
        null,
        null,
        1,
        1,
        null,
        null,
        1,
        1,
        1,
        null,
        null,
        1,
        null,
        null,
        1,
        1,
        1,
        1,
        null,
        null,
        1,
        1,
        1,
        null,
        null,
        1,
        1,
        1,
        null,
        null,
        1,
        1,
        4,
        null,
        null,
        1,
        2,
        null,
        null
      ],
      "/vagrant/nils_2_skills/app/controllers/application_controller.rb": [
        1,
        null,
        null,
        1,
        null
      ],
      "/vagrant/nils_2_skills/app/controllers/user_controller.rb": [
        1,
        null,
        1,
        null,
        1,
        null,
        null,
        1,
        null,
        null
      ],
      "/vagrant/nils_2_skills/app/controllers/skill_levels_controller.rb": [
        1,
        1,
        null,
        null,
        null,
        1,
        1,
        null,
        null,
        null,
        1,
        1,
        null,
        null,
        null,
        1,
        null,
        null,
        1,
        null,
        null,
        null,
        null,
        1,
        1,
        null,
        0,
        0,
        0,
        0,
        null,
        0,
        0,
        null,
        null,
        null,
        null,
        null,
        null,
        1,
        1,
        1,
        0,
        0,
        null,
        0,
        0,
        null,
        null,
        null,
        null,
        null,
        null,
        1,
        1,
        1,
        2,
        1,
        null,
        null,
        null,
        1,
        null,
        1,
        4,
        null,
        null,
        null,
        1,
        2,
        null,
        null
      ],
      "/vagrant/nils_2_skills/app/controllers/static_pages_controller.rb": [
        1,
        1,
        null,
        null,
        1,
        null,
        null,
        1,
        null,
        null
      ],
      "/vagrant/nils_2_skills/app/controllers/skill_categories_controller.rb": [
        1,
        1,
        null,
        null,
        null,
        1,
        1,
        null,
        null,
        null,
        1,
        1,
        null,
        null,
        null,
        1,
        null,
        null,
        null,
        null,
        1,
        1,
        null,
        0,
        0,
        0,
        0,
        null,
        0,
        0,
        null,
        null,
        null,
        null,
        null,
        null,
        1,
        1,
        1,
        0,
        0,
        null,
        0,
        0,
        null,
        null,
        null,
        null,
        null,
        null,
        1,
        1,
        1,
        2,
        1,
        null,
        null,
        null,
        1,
        null,
        1,
        4,
        null,
        null,
        null,
        1,
        null,
        2,
        null,
        null
      ]
    },
    "timestamp": 1439474349
  }
}
